<?xml version="1.0" encoding="UTF-8"?>
<testsuite name="com.kodilla.ludogame.StartGameTestSuite" tests="30" skipped="0" failures="0" errors="0" timestamp="2022-05-16T18:17:10" hostname="LAPTOP-F3PSJVM4" time="0.083">
  <properties/>
  <testcase name="When red pawns are at start's positions then they should be unmovable when dice status equal one" classname="com.kodilla.ludogame.StartGameTestSuite" time="0.031"/>
  <testcase name="When red pawns are at start's positions then they should be unmovable when dice status equal two" classname="com.kodilla.ludogame.StartGameTestSuite" time="0.001"/>
  <testcase name="When blue pawns are at start's positions then they should be unmovable when dice status equal five" classname="com.kodilla.ludogame.StartGameTestSuite" time="0.001"/>
  <testcase name="When blue pawns are at start's positions then they should be unmovable when dice status equal fore" classname="com.kodilla.ludogame.StartGameTestSuite" time="0.001"/>
  <testcase name="When green pawns are at start's positions then they should be unmovable when dice status equal three" classname="com.kodilla.ludogame.StartGameTestSuite" time="0.001"/>
  <testcase name="When blue pawns are at start's positions then they should be movable when dice status equal six" classname="com.kodilla.ludogame.StartGameTestSuite" time="0.002"/>
  <testcase name="Pawns should be unmovable before clickingdice button. Only after throwing the dice pawncan be moved" classname="com.kodilla.ludogame.StartGameTestSuite" time="0.002"/>
  <testcase name="When yellow pawns are at start's positions then they should be unmovable when dice status equal one" classname="com.kodilla.ludogame.StartGameTestSuite" time="0.003"/>
  <testcase name="When yellow pawns are at start's positions then they should be unmovable when dice status equal two" classname="com.kodilla.ludogame.StartGameTestSuite" time="0.001"/>
  <testcase name="Pawns should be movable in correct orderand should be unmovable when other player/computermoving" classname="com.kodilla.ludogame.StartGameTestSuite" time="0.001"/>
  <testcase name="When green pawns are at start's positions then they should be unmovable when dice status equal five" classname="com.kodilla.ludogame.StartGameTestSuite" time="0.001"/>
  <testcase name="When green pawns are at start's positions then they should be unmovable when dice status equal fore" classname="com.kodilla.ludogame.StartGameTestSuite" time="0.001"/>
  <testcase name="Yellow pawns should be moved after clickingat first position of their journey" classname="com.kodilla.ludogame.StartGameTestSuite" time="0.002"/>
  <testcase name="When red pawns are at start's positions then they should be movable when dice status equal six" classname="com.kodilla.ludogame.StartGameTestSuite" time="0.001"/>
  <testcase name="When yellow pawns are at start's positions then they should be unmovable when dice status equal three" classname="com.kodilla.ludogame.StartGameTestSuite" time="0.002"/>
  <testcase name="Red pawns should be moved after clickingat first position of their journey" classname="com.kodilla.ludogame.StartGameTestSuite" time="0.002"/>
  <testcase name="When green pawns are at start's positions then they should be movable when dice status equal six" classname="com.kodilla.ludogame.StartGameTestSuite" time="0.0"/>
  <testcase name="When red pawns are at start's positions then they should be unmovable when dice status equal five" classname="com.kodilla.ludogame.StartGameTestSuite" time="0.0"/>
  <testcase name="When red pawns are at start's positions then they should be unmovable when dice status equal fore" classname="com.kodilla.ludogame.StartGameTestSuite" time="0.0"/>
  <testcase name="When green pawns are at start's positions then they should be unmovable when dice status equal one" classname="com.kodilla.ludogame.StartGameTestSuite" time="0.001"/>
  <testcase name="When green pawns are at start's positions then they should be unmovable when dice status equal two" classname="com.kodilla.ludogame.StartGameTestSuite" time="0.001"/>
  <testcase name="When blue pawns are at start's positions then they should be unmovable when dice status equal three" classname="com.kodilla.ludogame.StartGameTestSuite" time="0.0"/>
  <testcase name="When yellow pawns are at start's positions then they should be unmovable when dice status equal five" classname="com.kodilla.ludogame.StartGameTestSuite" time="0.0"/>
  <testcase name="When yellow pawns are at start's positions then they should be unmovable when dice status equal fore" classname="com.kodilla.ludogame.StartGameTestSuite" time="0.001"/>
  <testcase name="Green pawns should be moved after clickingat first position of their journey" classname="com.kodilla.ludogame.StartGameTestSuite" time="0.001"/>
  <testcase name="When blue pawns are at start's positions then they should be unmovable when dice status equal one" classname="com.kodilla.ludogame.StartGameTestSuite" time="0.001"/>
  <testcase name="When blue pawns are at start's positions then they should be unmovable when dice status equal two" classname="com.kodilla.ludogame.StartGameTestSuite" time="0.001"/>
  <testcase name="When yellow pawns are at start's positions then they should be movable when dice status equal six" classname="com.kodilla.ludogame.StartGameTestSuite" time="0.001"/>
  <testcase name="Blue pawns should be moved after clickingat first position of their journey" classname="com.kodilla.ludogame.StartGameTestSuite" time="0.001"/>
  <testcase name="When red pawns are at start's positions then they should be unmovable when dice status equal three" classname="com.kodilla.ludogame.StartGameTestSuite" time="0.0"/>
  <system-out><![CDATA[]]></system-out>
  <system-err><![CDATA[]]></system-err>
</testsuite>
